   Compiling rust-chess-tui v0.1.0 (/app)
warning: method `get_config_for_player` is never used
   --> src/app/mod.rs:220:12
    |
55  | impl App {
    | -------- method in this implementation
...
220 |     pub fn get_config_for_player(&self, player_name: &str) -> Option<crate::game::search::SearchConfig> {
    |            ^^^^^^^^^^^^^^^^^^^^^
    |
    = note: `#[warn(dead_code)]` on by default

warning: method `as_any` is never used
   --> src/game/search.rs:126:8
    |
117 | pub trait Searcher: Send {
    |           -------- method in this trait
...
126 |     fn as_any(&self) -> &dyn Any;
    |        ^^^^^^

warning: associated function `new` is never used
   --> src/game/search.rs:189:12
    |
188 | impl PvsSearcher {
    | ---------------- associated function in this implementation
189 |     pub fn new() -> Self {
    |            ^^^

warning: associated function `with_shared_cache` is never used
  --> src/game/search/mcts.rs:33:12
   |
26 | impl MctsSearcher {
   | ----------------- associated function in this implementation
...
33 |     pub fn with_shared_cache(cache: Arc<Mutex<MctsCache>>) -> Self {
   |            ^^^^^^^^^^^^^^^^^

warning: associated items `from_map` and `get_table` are never used
  --> src/game/search/evaluation_cache.rs:46:12
   |
39 | impl EvaluationCache {
   | -------------------- associated items in this implementation
...
46 |     pub fn from_map(map: HashMap<u64, i32>) -> Self {
   |            ^^^^^^^^
...
50 |     pub fn get_table(&self) -> &HashMap<u64, i32> {
   |            ^^^^^^^^^

warning: associated items `from_map`, `get_table`, and `update` are never used
  --> src/game/search/mcts_cache.rs:23:12
   |
16 | impl MctsCache {
   | -------------- associated items in this implementation
...
23 |     pub fn from_map(map: HashMap<u64, MctsNodeData>) -> Self {
   |            ^^^^^^^^
...
27 |     pub fn get_table(&self) -> &HashMap<u64, MctsNodeData> {
   |            ^^^^^^^^^
...
39 |     pub fn update(&mut self, hash: Zobrist64, wins: f64, visits: u32) {
   |            ^^^^^^
